<?xml version="1.0" encoding="UTF-8"?>
<testsuites name="TestSuite1" time="20" tests="2" failures="0" errors="0">
   <testsuite name="TestSuite1" tests="2" failures="0" errors="0" time="20" timestamp="2019-03-18 13:12:46" hostname="subsarkar - USLMASUBSARKAR2.us.deloitte.com" id="Test Suites/TestSuite1">
      <properties>
         <property name="deviceName" value=""/>
         <property name="devicePlatform" value=""/>
         <property name="logFolder" value="C:\\Users\\subsarkar\\software\\workspacekatalon\\skydive\\Reports\\TestSuite1\\20190318_131243"/>
         <property name="logFiles" value="C:\\Users\\subsarkar\\software\\workspacekatalon\\skydive\\Reports\\TestSuite1\\20190318_131243\\execution0.log"/>
         <property name="attachments" value=""/>
         <property name="hostName" value="subsarkar - USLMASUBSARKAR2.us.deloitte.com"/>
         <property name="os" value="Windows 10 64bit"/>
         <property name="katalonVersion" value="6.0.6.4"/>
         <property name="browser" value="Chrome 72.0.3626.121"/>
         <property name="hostAddress" value="10.29.144.239"/>
         <property name="sessionId" value="c1460cc3844661c08eafcebe175c01bc"/>
         <property name="seleniumVersion" value="3.7.1"/>
         <property name="proxyInformation" value="ProxyInformation{proxyOption=NO_PROXY, proxyServerType=HTTP, password=, proxyServerAddress=, proxyServerPort=0}"/>
         <property name="platform" value="Windows 10"/>
      </properties>
      <testcase name="Test Cases/TestRecord" classname="Test Cases/TestRecord" status="PASSED">
         <system-out><![CDATA[2019-03-18 13:12:46 - [TEST_CASE][PASSED] - Test Cases/TestRecord: Test Cases/TestRecord

2019-03-18 13:12:47 - [TEST_STEP][PASSED] - openBrowser(""): Browser is opened with url: ''

2019-03-18 13:12:48 - [MESSAGE][INFO] - Starting 'Chrome' driver

2019-03-18 13:12:48 - [MESSAGE][INFO] - Action delay is set to 0 seconds

2019-03-18 13:12:52 - [MESSAGE][PASSED] - Browser is opened with url: ''

2019-03-18 13:12:52 - [TEST_STEP][PASSED] - navigateToUrl("https://coloradopeak.secure.force.com/AC_Welcome?"): Navigate to 'https://coloradopeak.secure.force.com/AC_Welcome?' successfully

2019-03-18 13:12:54 - [MESSAGE][PASSED] - Navigate to 'https://coloradopeak.secure.force.com/AC_Welcome?' successfully

2019-03-18 13:12:54 - [TEST_STEP][PASSED] - click(findTestObject("WelcomePage/btnNext")): Object: 'Object Repository/WelcomePage/btnNext' is clicked on

2019-03-18 13:12:55 - [MESSAGE][PASSED] - Object: 'Object Repository/WelcomePage/btnNext' is clicked on

2019-03-18 13:12:55 - [TEST_STEP][PASSED] - selectOptionByValue(findTestObject("WelcomePage/selectCounty"), "006", true): All options with value '006' are selected in object 'Object Repository/WelcomePage/selectCounty'  using regular expression

2019-03-18 13:12:56 - [MESSAGE][PASSED] - All options with value '006' are selected in object 'Object Repository/WelcomePage/selectCounty'  using regular expression

2019-03-18 13:12:56 - [TEST_STEP][PASSED] - click(findTestObject("WelcomePage/btnNextCountyPage")): Object: 'Object Repository/WelcomePage/btnNextCountyPage' is clicked on

2019-03-18 13:12:56 - [MESSAGE][PASSED] - Object: 'Object Repository/WelcomePage/btnNextCountyPage' is clicked on

2019-03-18 13:12:56 - [TEST_STEP][PASSED] - setText(findTestObject("WelcomePage/txtFirstName"), "David"): Text 'David' is set on object 'Object Repository/WelcomePage/txtFirstName'

2019-03-18 13:12:57 - [MESSAGE][PASSED] - Text 'David' is set on object 'Object Repository/WelcomePage/txtFirstName'

2019-03-18 13:12:57 - [TEST_STEP][PASSED] - setText(findTestObject("WelcomePage/txtAge"), "34"): Text '34' is set on object 'Object Repository/WelcomePage/txtAge'

2019-03-18 13:12:57 - [MESSAGE][PASSED] - Text '34' is set on object 'Object Repository/WelcomePage/txtAge'

2019-03-18 13:12:57 - [TEST_STEP][PASSED] - closeBrowser(): Browser is closed

2019-03-18 13:12:58 - [MESSAGE][PASSED] - Browser is closed]]></system-out>
         <system-err><![CDATA[]]></system-err>
      </testcase>
      <testcase name="Test Cases/TestScripts" classname="Test Cases/TestScripts" status="PASSED">
         <system-out><![CDATA[2019-03-18 13:12:58 - [TEST_CASE][PASSED] - Test Cases/TestScripts: Test Cases/TestScripts

2019-03-18 13:12:58 - [TEST_STEP][PASSED] - com.app.keyword.Keywords.start(): com.app.keyword.Keywords.start is PASSED

2019-03-18 13:12:58 - [MESSAGE][INFO] - Starting 'Chrome' driver

2019-03-18 13:13:03 - [MESSAGE][PASSED] - Browser is opened with url: 'https://coloradopeak.secure.force.com/AC_Welcome?Language=EN'

2019-03-18 13:13:03 - [MESSAGE][PASSED] - Current window maximized

2019-03-18 13:13:04 - [MESSAGE][PASSED] - Object: 'Object Repository/WelcomePage/btnNext' is clicked on

2019-03-18 13:13:05 - [MESSAGE][PASSED] - All options with value '006' are selected in object 'Object Repository/WelcomePage/selectCounty'  using regular expression

2019-03-18 13:13:06 - [MESSAGE][PASSED] - Object: 'Object Repository/WelcomePage/btnNextCountyPage' is clicked on

2019-03-18 13:13:06 - [MESSAGE][PASSED] - Text 'David' is set on object 'Object Repository/WelcomePage/txtFirstName'

2019-03-18 13:13:06 - [MESSAGE][PASSED] - Text '34' is set on object 'Object Repository/WelcomePage/txtAge'

2019-03-18 13:13:06 - [MESSAGE][PASSED] - com.app.keyword.Keywords.start is PASSED

2019-03-18 13:13:06 - [TEST_STEP][PASSED] - closeBrowser(): Browser is closed

2019-03-18 13:13:07 - [MESSAGE][PASSED] - Browser is closed]]></system-out>
         <system-err><![CDATA[]]></system-err>
      </testcase>
      <system-out><![CDATA[2019-03-18 13:12:46 - [TEST_SUITE][PASSED] - TestSuite1: Test Cases/TestScripts]]></system-out>
      <system-err><![CDATA[]]></system-err>
   </testsuite>
</testsuites>
